<?xml version="1.0" encoding="UTF-8"?>
<!-- Generated by org.testng.reporters.JUnitXMLReporter -->
<testsuite ignored="1" hostname="DESKTOP-I302L0I" failures="0" tests="5" name="Default test" time="96.008" errors="0" timestamp="2021-01-29T10:36:21 IST">
  <testcase classname="com.gb.TestCases.NewCustomerPageTest" name="Validatecreatenewcustomer" time="8.39"/>
  <testcase classname="com.gb.TestCases.NewCustomerPageTest" name="Validatecreatenewcustomer" time="10.768"/>
  <testcase classname="com.gb.TestCases.NewCustomerPageTest" name="Validatecreatenewcustomer" time="9.565"/>
  <testcase classname="com.gb.TestCases.NewCustomerPageTest" name="Validatecreatenewcustomer" time="12.521"/>
  <testcase classname="com.gb.TestCases.NewCustomerPageTest" name="Validatecreatenewcustomer" time="7.11"/>
  <testcase classname="com.gb.TestCases.NewCustomerPageTest" name="NewCustomerpageTitleTest" time="0.0">
    <ignored/>
  </testcase> <!-- NewCustomerpageTitleTest -->
</testsuite> <!-- Default test -->
