<?xml version="1.0" encoding="UTF-8"?>
<testng-results ignored="0" total="12" passed="12" failed="0" skipped="0">
  <reporter-output>
  </reporter-output>
  <suite started-at="2023-07-18T22:09:46 IST" name="Guru_BankTestAutomationSuite" finished-at="2023-07-18T22:11:07 IST" duration-ms="81588">
    <groups>
    </groups>
    <test started-at="2023-07-18T22:09:46 IST" name="Test" finished-at="2023-07-18T22:11:07 IST" duration-ms="81588">
      <class name="com.gb.TestCases.LoginPageTest">
        <test-method is-config="true" signature="setUp()[pri:0, instance:com.gb.TestCases.LoginPageTest@7ce69770]" started-at="2023-07-18T22:10:54 IST" name="setUp" finished-at="2023-07-18T22:10:55 IST" duration-ms="1337" status="PASS">
          <reporter-output>
          </reporter-output>
        </test-method> <!-- setUp -->
        <test-method signature="loginTest()[pri:1, instance:com.gb.TestCases.LoginPageTest@7ce69770]" started-at="2023-07-18T22:10:55 IST" name="loginTest" finished-at="2023-07-18T22:10:58 IST" duration-ms="2721" status="PASS">
          <reporter-output>
          </reporter-output>
        </test-method> <!-- loginTest -->
        <test-method is-config="true" signature="tearDown()[pri:0, instance:com.gb.TestCases.LoginPageTest@7ce69770]" started-at="2023-07-18T22:10:58 IST" name="tearDown" finished-at="2023-07-18T22:10:58 IST" duration-ms="196" status="PASS">
          <reporter-output>
          </reporter-output>
        </test-method> <!-- tearDown -->
        <test-method is-config="true" signature="setUp()[pri:0, instance:com.gb.TestCases.LoginPageTest@7ce69770]" started-at="2023-07-18T22:10:58 IST" name="setUp" finished-at="2023-07-18T22:10:59 IST" duration-ms="1321" status="PASS">
          <reporter-output>
          </reporter-output>
        </test-method> <!-- setUp -->
        <test-method signature="loginPageTitleTest()[pri:2, instance:com.gb.TestCases.LoginPageTest@7ce69770]" started-at="2023-07-18T22:10:59 IST" name="loginPageTitleTest" finished-at="2023-07-18T22:11:03 IST" duration-ms="4047" status="PASS">
          <reporter-output>
          </reporter-output>
        </test-method> <!-- loginPageTitleTest -->
        <test-method is-config="true" signature="tearDown()[pri:0, instance:com.gb.TestCases.LoginPageTest@7ce69770]" started-at="2023-07-18T22:11:03 IST" name="tearDown" finished-at="2023-07-18T22:11:03 IST" duration-ms="242" status="PASS">
          <reporter-output>
          </reporter-output>
        </test-method> <!-- tearDown -->
        <test-method is-config="true" signature="setUp()[pri:0, instance:com.gb.TestCases.LoginPageTest@7ce69770]" started-at="2023-07-18T22:11:03 IST" name="setUp" finished-at="2023-07-18T22:11:05 IST" duration-ms="1370" status="PASS">
          <reporter-output>
          </reporter-output>
        </test-method> <!-- setUp -->
        <test-method signature="GuruLoginPageHeaderTest()[pri:3, instance:com.gb.TestCases.LoginPageTest@7ce69770]" started-at="2023-07-18T22:11:05 IST" name="GuruLoginPageHeaderTest" finished-at="2023-07-18T22:11:07 IST" duration-ms="2165" status="PASS">
          <reporter-output>
          </reporter-output>
        </test-method> <!-- GuruLoginPageHeaderTest -->
        <test-method is-config="true" signature="tearDown()[pri:0, instance:com.gb.TestCases.LoginPageTest@7ce69770]" started-at="2023-07-18T22:11:07 IST" name="tearDown" finished-at="2023-07-18T22:11:07 IST" duration-ms="202" status="PASS">
          <reporter-output>
          </reporter-output>
        </test-method> <!-- tearDown -->
      </class> <!-- com.gb.TestCases.LoginPageTest -->
      <class name="com.gb.TestCases.NewCustomerPageTest">
        <test-method is-config="true" signature="setUp()[pri:0, instance:com.gb.TestCases.NewCustomerPageTest@19e4653c]" started-at="2023-07-18T22:09:46 IST" name="setUp" finished-at="2023-07-18T22:09:52 IST" duration-ms="6593" status="PASS">
          <reporter-output>
          </reporter-output>
        </test-method> <!-- setUp -->
        <test-method signature="NewCustomerpageTitleTest()[pri:1, instance:com.gb.TestCases.NewCustomerPageTest@19e4653c]" started-at="2023-07-18T22:09:52 IST" name="NewCustomerpageTitleTest" finished-at="2023-07-18T22:09:55 IST" duration-ms="2304" status="PASS">
          <reporter-output>
          </reporter-output>
        </test-method> <!-- NewCustomerpageTitleTest -->
        <test-method is-config="true" signature="tearDown()[pri:0, instance:com.gb.TestCases.NewCustomerPageTest@19e4653c]" started-at="2023-07-18T22:09:55 IST" name="tearDown" finished-at="2023-07-18T22:09:55 IST" duration-ms="260" status="PASS">
          <reporter-output>
          </reporter-output>
        </test-method> <!-- tearDown -->
        <test-method is-config="true" signature="setUp()[pri:0, instance:com.gb.TestCases.NewCustomerPageTest@19e4653c]" started-at="2023-07-18T22:09:56 IST" name="setUp" finished-at="2023-07-18T22:10:00 IST" duration-ms="4446" status="PASS">
          <reporter-output>
          </reporter-output>
        </test-method> <!-- setUp -->
        <test-method signature="Validatecreatenewcustomer(java.lang.String,java.lang.String,java.lang.String,java.lang.String,java.lang.String,java.lang.String,java.lang.String,java.lang.String,java.lang.String)[pri:2, instance:com.gb.TestCases.NewCustomerPageTest@19e4653c]" started-at="2023-07-18T22:10:00 IST" name="Validatecreatenewcustomer" data-provider="getGuruBankTestData" finished-at="2023-07-18T22:10:04 IST" duration-ms="4134" status="PASS">
          <params>
            <param index="0">
              <value>
                <![CDATA[Von]]>
              </value>
            </param>
            <param index="1">
              <value>
                <![CDATA[06/09/1889]]>
              </value>
            </param>
            <param index="2">
              <value>
                <![CDATA[54 Loeprich Road]]>
              </value>
            </param>
            <param index="3">
              <value>
                <![CDATA[Concord]]>
              </value>
            </param>
            <param index="4">
              <value>
                <![CDATA[California]]>
              </value>
            </param>
            <param index="5">
              <value>
                <![CDATA[945222.0]]>
              </value>
            </param>
            <param index="6">
              <value>
                <![CDATA[7.89456124E9]]>
              </value>
            </param>
            <param index="7">
              <value>
                <![CDATA[vswadlen9@oracle.com]]>
              </value>
            </param>
            <param index="8">
              <value>
                <![CDATA[Wu77HdnuQTa]]>
              </value>
            </param>
          </params>
          <reporter-output>
          </reporter-output>
        </test-method> <!-- Validatecreatenewcustomer -->
        <test-method is-config="true" signature="tearDown()[pri:0, instance:com.gb.TestCases.NewCustomerPageTest@19e4653c]" started-at="2023-07-18T22:10:04 IST" name="tearDown" finished-at="2023-07-18T22:10:05 IST" duration-ms="380" status="PASS">
          <reporter-output>
          </reporter-output>
        </test-method> <!-- tearDown -->
        <test-method is-config="true" signature="setUp()[pri:0, instance:com.gb.TestCases.NewCustomerPageTest@19e4653c]" started-at="2023-07-18T22:10:05 IST" name="setUp" finished-at="2023-07-18T22:10:09 IST" duration-ms="4205" status="PASS">
          <reporter-output>
          </reporter-output>
        </test-method> <!-- setUp -->
        <test-method signature="Validatecreatenewcustomer(java.lang.String,java.lang.String,java.lang.String,java.lang.String,java.lang.String,java.lang.String,java.lang.String,java.lang.String,java.lang.String)[pri:2, instance:com.gb.TestCases.NewCustomerPageTest@19e4653c]" started-at="2023-07-18T22:10:09 IST" name="Validatecreatenewcustomer" data-provider="getGuruBankTestData" finished-at="2023-07-18T22:10:12 IST" duration-ms="3167" status="PASS">
          <params>
            <param index="0">
              <value>
                <![CDATA[Aila]]>
              </value>
            </param>
            <param index="1">
              <value>
                <![CDATA[06/09/1890]]>
              </value>
            </param>
            <param index="2">
              <value>
                <![CDATA[8 Dorton Circle]]>
              </value>
            </param>
            <param index="3">
              <value>
                <![CDATA[Toledo]]>
              </value>
            </param>
            <param index="4">
              <value>
                <![CDATA[Ohio]]>
              </value>
            </param>
            <param index="5">
              <value>
                <![CDATA[433610.0]]>
              </value>
            </param>
            <param index="6">
              <value>
                <![CDATA[7.894561241E9]]>
              </value>
            </param>
            <param index="7">
              <value>
                <![CDATA[alogiea@themeforest.net]]>
              </value>
            </param>
            <param index="8">
              <value>
                <![CDATA[0HHR5QD1D]]>
              </value>
            </param>
          </params>
          <reporter-output>
          </reporter-output>
        </test-method> <!-- Validatecreatenewcustomer -->
        <test-method is-config="true" signature="tearDown()[pri:0, instance:com.gb.TestCases.NewCustomerPageTest@19e4653c]" started-at="2023-07-18T22:10:12 IST" name="tearDown" finished-at="2023-07-18T22:10:12 IST" duration-ms="243" status="PASS">
          <reporter-output>
          </reporter-output>
        </test-method> <!-- tearDown -->
        <test-method is-config="true" signature="setUp()[pri:0, instance:com.gb.TestCases.NewCustomerPageTest@19e4653c]" started-at="2023-07-18T22:10:12 IST" name="setUp" finished-at="2023-07-18T22:10:16 IST" duration-ms="4090" status="PASS">
          <reporter-output>
          </reporter-output>
        </test-method> <!-- setUp -->
        <test-method signature="Validatecreatenewcustomer(java.lang.String,java.lang.String,java.lang.String,java.lang.String,java.lang.String,java.lang.String,java.lang.String,java.lang.String,java.lang.String)[pri:2, instance:com.gb.TestCases.NewCustomerPageTest@19e4653c]" started-at="2023-07-18T22:10:16 IST" name="Validatecreatenewcustomer" data-provider="getGuruBankTestData" finished-at="2023-07-18T22:10:21 IST" duration-ms="4954" status="PASS">
          <params>
            <param index="0">
              <value>
                <![CDATA[Sol]]>
              </value>
            </param>
            <param index="1">
              <value>
                <![CDATA[06/09/1891]]>
              </value>
            </param>
            <param index="2">
              <value>
                <![CDATA[925 Summit Alley]]>
              </value>
            </param>
            <param index="3">
              <value>
                <![CDATA[New York City]]>
              </value>
            </param>
            <param index="4">
              <value>
                <![CDATA[New York]]>
              </value>
            </param>
            <param index="5">
              <value>
                <![CDATA[436140.0]]>
              </value>
            </param>
            <param index="6">
              <value>
                <![CDATA[7.894561242E9]]>
              </value>
            </param>
            <param index="7">
              <value>
                <![CDATA[smccutheonb@disqus.com]]>
              </value>
            </param>
            <param index="8">
              <value>
                <![CDATA[o7taLna45Se]]>
              </value>
            </param>
          </params>
          <reporter-output>
          </reporter-output>
        </test-method> <!-- Validatecreatenewcustomer -->
        <test-method is-config="true" signature="tearDown()[pri:0, instance:com.gb.TestCases.NewCustomerPageTest@19e4653c]" started-at="2023-07-18T22:10:21 IST" name="tearDown" finished-at="2023-07-18T22:10:22 IST" duration-ms="326" status="PASS">
          <reporter-output>
          </reporter-output>
        </test-method> <!-- tearDown -->
        <test-method is-config="true" signature="setUp()[pri:0, instance:com.gb.TestCases.NewCustomerPageTest@19e4653c]" started-at="2023-07-18T22:10:22 IST" name="setUp" finished-at="2023-07-18T22:10:26 IST" duration-ms="3950" status="PASS">
          <reporter-output>
          </reporter-output>
        </test-method> <!-- setUp -->
        <test-method signature="Validatecreatenewcustomer(java.lang.String,java.lang.String,java.lang.String,java.lang.String,java.lang.String,java.lang.String,java.lang.String,java.lang.String,java.lang.String)[pri:2, instance:com.gb.TestCases.NewCustomerPageTest@19e4653c]" started-at="2023-07-18T22:10:26 IST" name="Validatecreatenewcustomer" data-provider="getGuruBankTestData" finished-at="2023-07-18T22:10:30 IST" duration-ms="3920" status="PASS">
          <params>
            <param index="0">
              <value>
                <![CDATA[Fanechka]]>
              </value>
            </param>
            <param index="1">
              <value>
                <![CDATA[06/09/1892]]>
              </value>
            </param>
            <param index="2">
              <value>
                <![CDATA[18043 Ridgeview Trail]]>
              </value>
            </param>
            <param index="3">
              <value>
                <![CDATA[Jacksonville]]>
              </value>
            </param>
            <param index="4">
              <value>
                <![CDATA[Florida]]>
              </value>
            </param>
            <param index="5">
              <value>
                <![CDATA[435610.0]]>
              </value>
            </param>
            <param index="6">
              <value>
                <![CDATA[7.894561243E9]]>
              </value>
            </param>
            <param index="7">
              <value>
                <![CDATA[fbraunleinc@joomla.org]]>
              </value>
            </param>
            <param index="8">
              <value>
                <![CDATA[2QwUhocx]]>
              </value>
            </param>
          </params>
          <reporter-output>
          </reporter-output>
        </test-method> <!-- Validatecreatenewcustomer -->
        <test-method is-config="true" signature="tearDown()[pri:0, instance:com.gb.TestCases.NewCustomerPageTest@19e4653c]" started-at="2023-07-18T22:10:30 IST" name="tearDown" finished-at="2023-07-18T22:10:30 IST" duration-ms="256" status="PASS">
          <reporter-output>
          </reporter-output>
        </test-method> <!-- tearDown -->
        <test-method is-config="true" signature="setUp()[pri:0, instance:com.gb.TestCases.NewCustomerPageTest@19e4653c]" started-at="2023-07-18T22:10:30 IST" name="setUp" finished-at="2023-07-18T22:10:34 IST" duration-ms="4091" status="PASS">
          <reporter-output>
          </reporter-output>
        </test-method> <!-- setUp -->
        <test-method signature="Validatecreatenewcustomer(java.lang.String,java.lang.String,java.lang.String,java.lang.String,java.lang.String,java.lang.String,java.lang.String,java.lang.String,java.lang.String)[pri:2, instance:com.gb.TestCases.NewCustomerPageTest@19e4653c]" started-at="2023-07-18T22:10:34 IST" name="Validatecreatenewcustomer" data-provider="getGuruBankTestData" finished-at="2023-07-18T22:10:37 IST" duration-ms="2979" status="PASS">
          <params>
            <param index="0">
              <value>
                <![CDATA[Marissa]]>
              </value>
            </param>
            <param index="1">
              <value>
                <![CDATA[06/09/1893]]>
              </value>
            </param>
            <param index="2">
              <value>
                <![CDATA[46580 Meadow Valley Way]]>
              </value>
            </param>
            <param index="3">
              <value>
                <![CDATA[Fort Lauderdale]]>
              </value>
            </param>
            <param index="4">
              <value>
                <![CDATA[Florida]]>
              </value>
            </param>
            <param index="5">
              <value>
                <![CDATA[436610.0]]>
              </value>
            </param>
            <param index="6">
              <value>
                <![CDATA[7.894561244E9]]>
              </value>
            </param>
            <param index="7">
              <value>
                <![CDATA[mnicklend@mapy.cz]]>
              </value>
            </param>
            <param index="8">
              <value>
                <![CDATA[YtMPPVM0]]>
              </value>
            </param>
          </params>
          <reporter-output>
          </reporter-output>
        </test-method> <!-- Validatecreatenewcustomer -->
        <test-method is-config="true" signature="tearDown()[pri:0, instance:com.gb.TestCases.NewCustomerPageTest@19e4653c]" started-at="2023-07-18T22:10:37 IST" name="tearDown" finished-at="2023-07-18T22:10:37 IST" duration-ms="244" status="PASS">
          <reporter-output>
          </reporter-output>
        </test-method> <!-- tearDown -->
      </class> <!-- com.gb.TestCases.NewCustomerPageTest -->
      <class name="com.gb.TestCases.HomePageTest">
        <test-method is-config="true" signature="setUp()[pri:0, instance:com.gb.TestCases.HomePageTest@7ce026d3]" started-at="2023-07-18T22:10:37 IST" name="setUp" finished-at="2023-07-18T22:10:41 IST" duration-ms="4022" status="PASS">
          <reporter-output>
          </reporter-output>
        </test-method> <!-- setUp -->
        <test-method signature="verifyManagerHomePageTitleTest()[pri:1, instance:com.gb.TestCases.HomePageTest@7ce026d3]" started-at="2023-07-18T22:10:41 IST" name="verifyManagerHomePageTitleTest" finished-at="2023-07-18T22:10:42 IST" duration-ms="956" status="PASS">
          <reporter-output>
          </reporter-output>
        </test-method> <!-- verifyManagerHomePageTitleTest -->
        <test-method is-config="true" signature="tearDown()[pri:0, instance:com.gb.TestCases.HomePageTest@7ce026d3]" started-at="2023-07-18T22:10:42 IST" name="tearDown" finished-at="2023-07-18T22:10:42 IST" duration-ms="265" status="PASS">
          <reporter-output>
          </reporter-output>
        </test-method> <!-- tearDown -->
        <test-method is-config="true" signature="setUp()[pri:0, instance:com.gb.TestCases.HomePageTest@7ce026d3]" started-at="2023-07-18T22:10:42 IST" name="setUp" finished-at="2023-07-18T22:10:47 IST" duration-ms="4471" status="PASS">
          <reporter-output>
          </reporter-output>
        </test-method> <!-- setUp -->
        <test-method signature="verifyManagerHomepageHeadingTest()[pri:2, instance:com.gb.TestCases.HomePageTest@7ce026d3]" started-at="2023-07-18T22:10:47 IST" name="verifyManagerHomepageHeadingTest" finished-at="2023-07-18T22:10:48 IST" duration-ms="1196" status="PASS">
          <reporter-output>
          </reporter-output>
        </test-method> <!-- verifyManagerHomepageHeadingTest -->
        <test-method is-config="true" signature="tearDown()[pri:0, instance:com.gb.TestCases.HomePageTest@7ce026d3]" started-at="2023-07-18T22:10:48 IST" name="tearDown" finished-at="2023-07-18T22:10:48 IST" duration-ms="189" status="PASS">
          <reporter-output>
          </reporter-output>
        </test-method> <!-- tearDown -->
        <test-method is-config="true" signature="setUp()[pri:0, instance:com.gb.TestCases.HomePageTest@7ce026d3]" started-at="2023-07-18T22:10:48 IST" name="setUp" finished-at="2023-07-18T22:10:52 IST" duration-ms="3776" status="PASS">
          <reporter-output>
          </reporter-output>
        </test-method> <!-- setUp -->
        <test-method signature="verifyManagerIdTest()[pri:3, instance:com.gb.TestCases.HomePageTest@7ce026d3]" started-at="2023-07-18T22:10:52 IST" name="verifyManagerIdTest" finished-at="2023-07-18T22:10:53 IST" duration-ms="1255" status="PASS">
          <reporter-output>
          </reporter-output>
        </test-method> <!-- verifyManagerIdTest -->
        <test-method is-config="true" signature="tearDown()[pri:0, instance:com.gb.TestCases.HomePageTest@7ce026d3]" started-at="2023-07-18T22:10:53 IST" name="tearDown" finished-at="2023-07-18T22:10:54 IST" duration-ms="189" status="PASS">
          <reporter-output>
          </reporter-output>
        </test-method> <!-- tearDown -->
      </class> <!-- com.gb.TestCases.HomePageTest -->
    </test> <!-- Test -->
  </suite> <!-- Guru_BankTestAutomationSuite -->
</testng-results>
