<?xml version="1.0" encoding="UTF-8"?>
<!-- Generated by org.testng.reporters.JUnitXMLReporter -->
<testsuite ignored="0" hostname="DESKTOP-Q0F1TSF" failures="0" tests="12" name="Test" time="81.588" errors="0" timestamp="2023-07-18T22:11:07 IST">
  <testcase classname="com.gb.TestCases.NewCustomerPageTest" name="NewCustomerpageTitleTest" time="2.304"/>
  <testcase classname="com.gb.TestCases.NewCustomerPageTest" name="Validatecreatenewcustomer" time="4.134"/>
  <testcase classname="com.gb.TestCases.NewCustomerPageTest" name="Validatecreatenewcustomer" time="3.167"/>
  <testcase classname="com.gb.TestCases.NewCustomerPageTest" name="Validatecreatenewcustomer" time="4.954"/>
  <testcase classname="com.gb.TestCases.NewCustomerPageTest" name="Validatecreatenewcustomer" time="3.92"/>
  <testcase classname="com.gb.TestCases.NewCustomerPageTest" name="Validatecreatenewcustomer" time="2.979"/>
  <testcase classname="com.gb.TestCases.HomePageTest" name="verifyManagerHomePageTitleTest" time="0.956"/>
  <testcase classname="com.gb.TestCases.HomePageTest" name="verifyManagerHomepageHeadingTest" time="1.196"/>
  <testcase classname="com.gb.TestCases.HomePageTest" name="verifyManagerIdTest" time="1.255"/>
  <testcase classname="com.gb.TestCases.LoginPageTest" name="loginTest" time="2.721"/>
  <testcase classname="com.gb.TestCases.LoginPageTest" name="loginPageTitleTest" time="4.047"/>
  <testcase classname="com.gb.TestCases.LoginPageTest" name="GuruLoginPageHeaderTest" time="2.165"/>
</testsuite> <!-- Test -->
